abr 14, 2016 1:37:21 PM org.apache.catalina.core.AprLifecycleListener init
INFORMACIÓN: Cargada la biblioteca nativa APR de Apache Tomcat 1.1.34 con la versión APR 1.5.1.
abr 14, 2016 1:37:21 PM org.apache.catalina.core.AprLifecycleListener init
INFORMACIÓN: Capacidades APR: IPv6 [true], enviar fichero [true], aceptar filtros [false], aleatorio [true].
abr 14, 2016 1:37:22 PM org.apache.catalina.core.AprLifecycleListener initializeSSL
INFORMACIÓN: OpenSSL inicializado correctamente con versión OpenSSL 1.0.1q 3 Dec 2015
abr 14, 2016 1:37:23 PM org.apache.coyote.http11.Http11AprProtocol init
INFORMACIÓN: Inicializando Coyote HTTP/1.1 en puerto http-8080
abr 14, 2016 1:37:23 PM org.apache.coyote.ajp.AjpAprProtocol init
INFORMACIÓN: Inicializando Coyote AJP/1.3 en ajp-8009
abr 14, 2016 1:37:23 PM org.apache.catalina.startup.Catalina load
INFORMACIÓN: Initialization processed in 1917 ms
abr 14, 2016 1:37:23 PM org.apache.catalina.core.StandardService start
INFORMACIÓN: Arrancando servicio Catalina
abr 14, 2016 1:37:23 PM org.apache.catalina.core.StandardEngine start
INFORMACIÓN: Starting Servlet Engine: Apache Tomcat/6.0.45
abr 14, 2016 1:37:23 PM org.apache.catalina.startup.HostConfig deployDirectory
INFORMACIÓN: Despliegue del directorio docs de la aplicación web
abr 14, 2016 1:37:23 PM org.apache.catalina.startup.HostConfig deployDirectory
INFORMACIÓN: Despliegue del directorio examples de la aplicación web
abr 14, 2016 1:37:23 PM org.apache.catalina.startup.HostConfig deployDirectory
INFORMACIÓN: Despliegue del directorio host-manager de la aplicación web
abr 14, 2016 1:37:24 PM org.apache.catalina.startup.HostConfig deployDirectory
INFORMACIÓN: Despliegue del directorio manager de la aplicación web
abr 14, 2016 1:37:24 PM org.apache.catalina.startup.HostConfig deployDirectory
INFORMACIÓN: Despliegue del directorio ROOT de la aplicación web
abr 14, 2016 1:37:24 PM org.apache.coyote.http11.Http11AprProtocol start
INFORMACIÓN: Arrancando Coyote HTTP/1.1 en puerto http-8080
abr 14, 2016 1:37:24 PM org.apache.coyote.ajp.AjpAprProtocol start
INFORMACIÓN: Arrancando Coyote AJP/1.3 en ajp-8009
abr 14, 2016 1:37:24 PM org.apache.catalina.startup.Catalina start
INFORMACIÓN: Server startup in 1043 ms
abr 14, 2016 1:41:00 PM org.apache.coyote.http11.Http11AprProtocol pause
INFORMACIÓN: Pausando Coyote HTTP/1.1 en puerto http-8080
abr 14, 2016 1:41:00 PM org.apache.coyote.ajp.AjpAprProtocol pause
INFORMACIÓN: Pausando Coyote AJP/1.3 en ajp-8009
abr 14, 2016 1:41:01 PM org.apache.catalina.core.StandardService stop
INFORMACIÓN: Parando servicio Catalina
abr 14, 2016 1:41:01 PM org.apache.coyote.http11.Http11AprProtocol destroy
INFORMACIÓN: Parando Coyote HTTP/1.1 en puerto http-8080
abr 14, 2016 1:41:01 PM org.apache.coyote.ajp.AjpAprProtocol destroy
INFORMACIÓN: Parando Coyote AJP/1.3 en ajp-8009
abr 14, 2016 1:41:44 PM org.apache.catalina.core.AprLifecycleListener init
INFORMACIÓN: Cargada la biblioteca nativa APR de Apache Tomcat 1.1.34 con la versión APR 1.5.1.
abr 14, 2016 1:41:44 PM org.apache.catalina.core.AprLifecycleListener init
INFORMACIÓN: Capacidades APR: IPv6 [true], enviar fichero [true], aceptar filtros [false], aleatorio [true].
abr 14, 2016 1:41:45 PM org.apache.catalina.core.AprLifecycleListener initializeSSL
INFORMACIÓN: OpenSSL inicializado correctamente con versión OpenSSL 1.0.1q 3 Dec 2015
abr 14, 2016 1:41:45 PM org.apache.coyote.http11.Http11AprProtocol init
INFORMACIÓN: Inicializando Coyote HTTP/1.1 en puerto http-8080
abr 14, 2016 1:41:45 PM org.apache.coyote.ajp.AjpAprProtocol init
INFORMACIÓN: Inicializando Coyote AJP/1.3 en ajp-8009
abr 14, 2016 1:41:45 PM org.apache.catalina.startup.Catalina load
INFORMACIÓN: Initialization processed in 1216 ms
abr 14, 2016 1:41:45 PM org.apache.catalina.core.StandardService start
INFORMACIÓN: Arrancando servicio Catalina
abr 14, 2016 1:41:45 PM org.apache.catalina.core.StandardEngine start
INFORMACIÓN: Starting Servlet Engine: Apache Tomcat/6.0.45
abr 14, 2016 1:41:45 PM org.apache.catalina.startup.HostConfig deployDescriptor
INFORMACIÓN: Desplieque del descriptor de configuración host-manager.xml
abr 14, 2016 1:41:46 PM org.apache.catalina.startup.HostConfig deployDescriptor
INFORMACIÓN: Desplieque del descriptor de configuración manager.xml
abr 14, 2016 1:41:46 PM org.apache.catalina.startup.HostConfig deployDirectory
INFORMACIÓN: Despliegue del directorio axis de la aplicación web
abr 14, 2016 1:41:47 PM org.apache.catalina.startup.HostConfig deployDirectory
INFORMACIÓN: Despliegue del directorio docs de la aplicación web
abr 14, 2016 1:41:47 PM org.apache.catalina.startup.HostConfig deployDirectory
INFORMACIÓN: Despliegue del directorio examples de la aplicación web
abr 14, 2016 1:41:47 PM org.apache.catalina.startup.HostConfig deployDirectory
INFORMACIÓN: Despliegue del directorio ROOT de la aplicación web
abr 14, 2016 1:41:47 PM org.apache.coyote.http11.Http11AprProtocol start
INFORMACIÓN: Arrancando Coyote HTTP/1.1 en puerto http-8080
abr 14, 2016 1:41:47 PM org.apache.coyote.ajp.AjpAprProtocol start
INFORMACIÓN: Arrancando Coyote AJP/1.3 en ajp-8009
abr 14, 2016 1:41:47 PM org.apache.catalina.startup.Catalina start
INFORMACIÓN: Server startup in 1552 ms
abr 14, 2016 1:49:56 PM org.apache.coyote.http11.Http11AprProtocol pause
INFORMACIÓN: Pausando Coyote HTTP/1.1 en puerto http-8080
abr 14, 2016 1:49:56 PM org.apache.coyote.ajp.AjpAprProtocol pause
INFORMACIÓN: Pausando Coyote AJP/1.3 en ajp-8009
abr 14, 2016 1:49:57 PM org.apache.catalina.core.StandardService stop
INFORMACIÓN: Parando servicio Catalina
abr 14, 2016 1:49:57 PM org.apache.catalina.loader.WebappClassLoader checkThreadLocalMapForLeaks
GRAVE: The web application [/axis] created a ThreadLocal with key of type [org.apache.axis.utils.XMLUtils.ThreadLocalDocumentBuilder] (value [org.apache.axis.utils.XMLUtils$ThreadLocalDocumentBuilder@3a78158f]) and a value of type [com.sun.org.apache.xerces.internal.jaxp.DocumentBuilderImpl] (value [com.sun.org.apache.xerces.internal.jaxp.DocumentBuilderImpl@54d96016]) but failed to remove it when the web application was stopped. This is very likely to create a memory leak.
abr 14, 2016 1:49:57 PM org.apache.catalina.loader.WebappClassLoader checkThreadLocalMapForLeaks
GRAVE: The web application [/axis] created a ThreadLocal with key of type [org.apache.axis.utils.XMLUtils.ThreadLocalDocumentBuilder] (value [org.apache.axis.utils.XMLUtils$ThreadLocalDocumentBuilder@3a78158f]) and a value of type [com.sun.org.apache.xerces.internal.jaxp.DocumentBuilderImpl] (value [com.sun.org.apache.xerces.internal.jaxp.DocumentBuilderImpl@47263f1e]) but failed to remove it when the web application was stopped. This is very likely to create a memory leak.
abr 14, 2016 1:49:57 PM org.apache.coyote.http11.Http11AprProtocol destroy
INFORMACIÓN: Parando Coyote HTTP/1.1 en puerto http-8080
abr 14, 2016 1:49:57 PM org.apache.coyote.ajp.AjpAprProtocol destroy
INFORMACIÓN: Parando Coyote AJP/1.3 en ajp-8009
abr 14, 2016 1:50:00 PM org.apache.catalina.core.AprLifecycleListener init
INFORMACIÓN: Cargada la biblioteca nativa APR de Apache Tomcat 1.1.34 con la versión APR 1.5.1.
abr 14, 2016 1:50:00 PM org.apache.catalina.core.AprLifecycleListener init
INFORMACIÓN: Capacidades APR: IPv6 [true], enviar fichero [true], aceptar filtros [false], aleatorio [true].
abr 14, 2016 1:50:01 PM org.apache.catalina.core.AprLifecycleListener initializeSSL
INFORMACIÓN: OpenSSL inicializado correctamente con versión OpenSSL 1.0.1q 3 Dec 2015
abr 14, 2016 1:50:01 PM org.apache.coyote.http11.Http11AprProtocol init
INFORMACIÓN: Inicializando Coyote HTTP/1.1 en puerto http-8080
abr 14, 2016 1:50:01 PM org.apache.coyote.ajp.AjpAprProtocol init
INFORMACIÓN: Inicializando Coyote AJP/1.3 en ajp-8009
abr 14, 2016 1:50:01 PM org.apache.catalina.startup.Catalina load
INFORMACIÓN: Initialization processed in 1139 ms
abr 14, 2016 1:50:01 PM org.apache.catalina.core.StandardService start
INFORMACIÓN: Arrancando servicio Catalina
abr 14, 2016 1:50:01 PM org.apache.catalina.core.StandardEngine start
INFORMACIÓN: Starting Servlet Engine: Apache Tomcat/6.0.45
abr 14, 2016 1:50:01 PM org.apache.catalina.startup.HostConfig deployDescriptor
INFORMACIÓN: Desplieque del descriptor de configuración host-manager.xml
abr 14, 2016 1:50:02 PM org.apache.catalina.startup.HostConfig deployDescriptor
INFORMACIÓN: Desplieque del descriptor de configuración manager.xml
abr 14, 2016 1:50:02 PM org.apache.catalina.startup.HostConfig deployDirectory
INFORMACIÓN: Despliegue del directorio axis de la aplicación web
abr 14, 2016 1:50:02 PM org.apache.catalina.startup.HostConfig deployDirectory
INFORMACIÓN: Despliegue del directorio docs de la aplicación web
abr 14, 2016 1:50:02 PM org.apache.catalina.startup.HostConfig deployDirectory
INFORMACIÓN: Despliegue del directorio examples de la aplicación web
abr 14, 2016 1:50:03 PM org.apache.catalina.startup.HostConfig deployDirectory
INFORMACIÓN: Despliegue del directorio ROOT de la aplicación web
abr 14, 2016 1:50:03 PM org.apache.coyote.http11.Http11AprProtocol start
INFORMACIÓN: Arrancando Coyote HTTP/1.1 en puerto http-8080
abr 14, 2016 1:50:03 PM org.apache.coyote.ajp.AjpAprProtocol start
INFORMACIÓN: Arrancando Coyote AJP/1.3 en ajp-8009
abr 14, 2016 1:50:03 PM org.apache.catalina.startup.Catalina start
INFORMACIÓN: Server startup in 1467 ms
abr 14, 2016 1:50:29 PM org.apache.coyote.http11.Http11AprProtocol pause
INFORMACIÓN: Pausando Coyote HTTP/1.1 en puerto http-8080
abr 14, 2016 1:50:29 PM org.apache.coyote.ajp.AjpAprProtocol pause
INFORMACIÓN: Pausando Coyote AJP/1.3 en ajp-8009
abr 14, 2016 1:50:30 PM org.apache.catalina.core.StandardService stop
INFORMACIÓN: Parando servicio Catalina
abr 14, 2016 1:50:31 PM org.apache.catalina.loader.WebappClassLoader checkThreadLocalMapForLeaks
GRAVE: The web application [/axis] created a ThreadLocal with key of type [org.apache.axis.utils.XMLUtils.ThreadLocalDocumentBuilder] (value [org.apache.axis.utils.XMLUtils$ThreadLocalDocumentBuilder@2786a1e]) and a value of type [com.sun.org.apache.xerces.internal.jaxp.DocumentBuilderImpl] (value [com.sun.org.apache.xerces.internal.jaxp.DocumentBuilderImpl@19379d56]) but failed to remove it when the web application was stopped. This is very likely to create a memory leak.
abr 14, 2016 1:50:31 PM org.apache.catalina.loader.WebappClassLoader checkThreadLocalMapForLeaks
GRAVE: The web application [/axis] created a ThreadLocal with key of type [org.apache.axis.utils.XMLUtils.ThreadLocalDocumentBuilder] (value [org.apache.axis.utils.XMLUtils$ThreadLocalDocumentBuilder@2786a1e]) and a value of type [com.sun.org.apache.xerces.internal.jaxp.DocumentBuilderImpl] (value [com.sun.org.apache.xerces.internal.jaxp.DocumentBuilderImpl@1595557a]) but failed to remove it when the web application was stopped. This is very likely to create a memory leak.
abr 14, 2016 1:50:31 PM org.apache.coyote.http11.Http11AprProtocol destroy
INFORMACIÓN: Parando Coyote HTTP/1.1 en puerto http-8080
abr 14, 2016 1:50:31 PM org.apache.coyote.ajp.AjpAprProtocol destroy
INFORMACIÓN: Parando Coyote AJP/1.3 en ajp-8009
abr 14, 2016 1:50:33 PM org.apache.catalina.core.AprLifecycleListener init
INFORMACIÓN: Cargada la biblioteca nativa APR de Apache Tomcat 1.1.34 con la versión APR 1.5.1.
abr 14, 2016 1:50:33 PM org.apache.catalina.core.AprLifecycleListener init
INFORMACIÓN: Capacidades APR: IPv6 [true], enviar fichero [true], aceptar filtros [false], aleatorio [true].
abr 14, 2016 1:50:34 PM org.apache.catalina.core.AprLifecycleListener initializeSSL
INFORMACIÓN: OpenSSL inicializado correctamente con versión OpenSSL 1.0.1q 3 Dec 2015
abr 14, 2016 1:50:34 PM org.apache.coyote.http11.Http11AprProtocol init
INFORMACIÓN: Inicializando Coyote HTTP/1.1 en puerto http-8080
abr 14, 2016 1:50:34 PM org.apache.coyote.ajp.AjpAprProtocol init
INFORMACIÓN: Inicializando Coyote AJP/1.3 en ajp-8009
abr 14, 2016 1:50:34 PM org.apache.catalina.startup.Catalina load
INFORMACIÓN: Initialization processed in 1112 ms
abr 14, 2016 1:50:34 PM org.apache.catalina.core.StandardService start
INFORMACIÓN: Arrancando servicio Catalina
abr 14, 2016 1:50:34 PM org.apache.catalina.core.StandardEngine start
INFORMACIÓN: Starting Servlet Engine: Apache Tomcat/6.0.45
abr 14, 2016 1:50:34 PM org.apache.catalina.startup.HostConfig deployDescriptor
INFORMACIÓN: Desplieque del descriptor de configuración host-manager.xml
abr 14, 2016 1:50:34 PM org.apache.catalina.startup.HostConfig deployDescriptor
INFORMACIÓN: Desplieque del descriptor de configuración manager.xml
abr 14, 2016 1:50:34 PM org.apache.catalina.startup.HostConfig deployDirectory
INFORMACIÓN: Despliegue del directorio axis de la aplicación web
abr 14, 2016 1:50:35 PM org.apache.catalina.startup.HostConfig deployDirectory
INFORMACIÓN: Despliegue del directorio docs de la aplicación web
abr 14, 2016 1:50:35 PM org.apache.catalina.startup.HostConfig deployDirectory
INFORMACIÓN: Despliegue del directorio examples de la aplicación web
abr 14, 2016 1:50:35 PM org.apache.catalina.startup.HostConfig deployDirectory
INFORMACIÓN: Despliegue del directorio ROOT de la aplicación web
abr 14, 2016 1:50:35 PM org.apache.coyote.http11.Http11AprProtocol start
INFORMACIÓN: Arrancando Coyote HTTP/1.1 en puerto http-8080
abr 14, 2016 1:50:35 PM org.apache.coyote.ajp.AjpAprProtocol start
INFORMACIÓN: Arrancando Coyote AJP/1.3 en ajp-8009
abr 14, 2016 1:50:35 PM org.apache.catalina.startup.Catalina start
INFORMACIÓN: Server startup in 1169 ms
abr 14, 2016 1:57:40 PM org.apache.coyote.http11.Http11AprProtocol pause
INFORMACIÓN: Pausando Coyote HTTP/1.1 en puerto http-8080
abr 14, 2016 1:57:40 PM org.apache.coyote.ajp.AjpAprProtocol pause
INFORMACIÓN: Pausando Coyote AJP/1.3 en ajp-8009
abr 14, 2016 1:57:41 PM org.apache.catalina.core.StandardService stop
INFORMACIÓN: Parando servicio Catalina
abr 14, 2016 1:57:42 PM org.apache.catalina.loader.WebappClassLoader checkThreadLocalMapForLeaks
GRAVE: The web application [/axis] created a ThreadLocal with key of type [org.apache.axis.utils.XMLUtils.ThreadLocalDocumentBuilder] (value [org.apache.axis.utils.XMLUtils$ThreadLocalDocumentBuilder@151a41d4]) and a value of type [com.sun.org.apache.xerces.internal.jaxp.DocumentBuilderImpl] (value [com.sun.org.apache.xerces.internal.jaxp.DocumentBuilderImpl@3accad9d]) but failed to remove it when the web application was stopped. This is very likely to create a memory leak.
abr 14, 2016 1:57:42 PM org.apache.catalina.loader.WebappClassLoader checkThreadLocalMapForLeaks
GRAVE: The web application [/axis] created a ThreadLocal with key of type [org.apache.axis.utils.XMLUtils.ThreadLocalDocumentBuilder] (value [org.apache.axis.utils.XMLUtils$ThreadLocalDocumentBuilder@151a41d4]) and a value of type [com.sun.org.apache.xerces.internal.jaxp.DocumentBuilderImpl] (value [com.sun.org.apache.xerces.internal.jaxp.DocumentBuilderImpl@2e0ebec6]) but failed to remove it when the web application was stopped. This is very likely to create a memory leak.
abr 14, 2016 1:57:42 PM org.apache.coyote.http11.Http11AprProtocol destroy
INFORMACIÓN: Parando Coyote HTTP/1.1 en puerto http-8080
abr 14, 2016 1:57:42 PM org.apache.coyote.ajp.AjpAprProtocol destroy
INFORMACIÓN: Parando Coyote AJP/1.3 en ajp-8009
